# JRE version: Java(TM) SE Runtime Environment (8.0_121-b13) (build 1.8.0_121-b13)
# Java VM: Java HotSpot(TM) 64-Bit Server VM (25.121-b13 mixed mode windows-amd64 compressed oops)
Heap:
 PSYoungGen      total 93184K, used 49667K [0x00000000f7780000, 0x0000000100000000, 0x0000000100000000)
  eden space 60928K, 79% used [0x00000000f7780000,0x00000000fa6997e8,0x00000000fb300000)
  from space 32256K, 4% used [0x00000000fe080000,0x00000000fe1e74f8,0x0000000100000000)
  to   space 39424K, 0% used [0x00000000fb300000,0x00000000fb300000,0x00000000fd980000)
 ParOldGen       total 164864K, used 103943K [0x00000000e6600000, 0x00000000f0700000, 0x00000000f7780000)
  object space 164864K, 63% used [0x00000000e6600000,0x00000000ecb81fc0,0x00000000f0700000)
 Metaspace       used 96684K, capacity 110170K, committed 110464K, reserved 1144832K
  class space    used 12108K, capacity 15935K, committed 16000K, reserved 1048576K
GC Heap History (10 events):
Event: 37.350 GC heap before
{Heap before GC invocations=49 (full 4):
 PSYoungGen      total 106496K, used 95021K [0x00000000f7780000, 0x00000000ffe00000, 0x0000000100000000)
  eden space 75264K, 100% used [0x00000000f7780000,0x00000000fc100000,0x00000000fc100000)
  from space 31232K, 63% used [0x00000000fdf00000,0x00000000ff24b428,0x00000000ffd80000)
  to   space 30720K, 0% used [0x00000000fc100000,0x00000000fc100000,0x00000000fdf00000)
 ParOldGen       total 104448K, used 83473K [0x00000000e6600000, 0x00000000ecc00000, 0x00000000f7780000)
  object space 104448K, 79% used [0x00000000e6600000,0x00000000eb784480,0x00000000ecc00000)
 Metaspace       used 92725K, capacity 106136K, committed 106240K, reserved 1140736K
  class space    used 11572K, capacity 15285K, committed 15360K, reserved 1048576K
Event: 37.379 GC heap after
Heap after GC invocations=49 (full 4):
 PSYoungGen      total 105984K, used 17781K [0x00000000f7780000, 0x00000000ffd80000, 0x0000000100000000)
  eden space 75264K, 0% used [0x00000000f7780000,0x00000000f7780000,0x00000000fc100000)
  from space 30720K, 57% used [0x00000000fc100000,0x00000000fd25d418,0x00000000fdf00000)
  to   space 29696K, 0% used [0x00000000fe080000,0x00000000fe080000,0x00000000ffd80000)
 ParOldGen       total 104448K, used 87537K [0x00000000e6600000, 0x00000000ecc00000, 0x00000000f7780000)
  object space 104448K, 83% used [0x00000000e6600000,0x00000000ebb7c4a0,0x00000000ecc00000)
 Metaspace       used 92725K, capacity 106136K, committed 106240K, reserved 1140736K
  class space    used 11572K, capacity 15285K, committed 15360K, reserved 1048576K
}
Event: 38.714 GC heap before
{Heap before GC invocations=50 (full 4):
 PSYoungGen      total 105984K, used 93045K [0x00000000f7780000, 0x00000000ffd80000, 0x0000000100000000)
  eden space 75264K, 100% used [0x00000000f7780000,0x00000000fc100000,0x00000000fc100000)
  from space 30720K, 57% used [0x00000000fc100000,0x00000000fd25d418,0x00000000fdf00000)
  to   space 29696K, 0% used [0x00000000fe080000,0x00000000fe080000,0x00000000ffd80000)
 ParOldGen       total 104448K, used 87537K [0x00000000e6600000, 0x00000000ecc00000, 0x00000000f7780000)
  object space 104448K, 83% used [0x00000000e6600000,0x00000000ebb7c4a0,0x00000000ecc00000)
 Metaspace       used 92852K, capacity 106208K, committed 106496K, reserved 1140736K
  class space    used 11577K, capacity 15285K, committed 15360K, reserved 1048576K
Event: 38.731 GC heap after
Heap after GC invocations=50 (full 4):
 PSYoungGen      total 107520K, used 22000K [0x00000000f7780000, 0x00000000fff00000, 0x0000000100000000)
  eden space 77824K, 0% used [0x00000000f7780000,0x00000000f7780000,0x00000000fc380000)
  from space 29696K, 74% used [0x00000000fe080000,0x00000000ff5fc168,0x00000000ffd80000)
  to   space 29696K, 0% used [0x00000000fc380000,0x00000000fc380000,0x00000000fe080000)
 ParOldGen       total 104448K, used 88794K [0x00000000e6600000, 0x00000000ecc00000, 0x00000000f7780000)
  object space 104448K, 85% used [0x00000000e6600000,0x00000000ebcb6858,0x00000000ecc00000)
 Metaspace       used 92852K, capacity 106208K, committed 106496K, reserved 1140736K
  class space    used 11577K, capacity 15285K, committed 15360K, reserved 1048576K
}
Event: 40.490 GC heap before
{Heap before GC invocations=51 (full 4):
 PSYoungGen      total 107520K, used 99824K [0x00000000f7780000, 0x00000000fff00000, 0x0000000100000000)
  eden space 77824K, 100% used [0x00000000f7780000,0x00000000fc380000,0x00000000fc380000)
  from space 29696K, 74% used [0x00000000fe080000,0x00000000ff5fc168,0x00000000ffd80000)
  to   space 29696K, 0% used [0x00000000fc380000,0x00000000fc380000,0x00000000fe080000)
 ParOldGen       total 104448K, used 88794K [0x00000000e6600000, 0x00000000ecc00000, 0x00000000f7780000)
  object space 104448K, 85% used [0x00000000e6600000,0x00000000ebcb6858,0x00000000ecc00000)
 Metaspace       used 93132K, capacity 106600K, committed 106752K, reserved 1140736K
  class space    used 11590K, capacity 15324K, committed 15360K, reserved 1048576K
Event: 40.527 GC heap after
Heap after GC invocations=51 (full 4):
 PSYoungGen      total 107520K, used 29672K [0x00000000f7780000, 0x0000000100000000, 0x0000000100000000)
  eden space 77824K, 0% used [0x00000000f7780000,0x00000000f7780000,0x00000000fc380000)
  from space 29696K, 99% used [0x00000000fc380000,0x00000000fe07a078,0x00000000fe080000)
  to   space 32256K, 0% used [0x00000000fe080000,0x00000000fe080000,0x0000000100000000)
 ParOldGen       total 104448K, used 94519K [0x00000000e6600000, 0x00000000ecc00000, 0x00000000f7780000)
  object space 104448K, 90% used [0x00000000e6600000,0x00000000ec24df70,0x00000000ecc00000)
 Metaspace       used 93132K, capacity 106600K, committed 106752K, reserved 1140736K
  class space    used 11590K, capacity 15324K, committed 15360K, reserved 1048576K
}
Event: 42.767 GC heap before
{Heap before GC invocations=52 (full 4):
 PSYoungGen      total 107520K, used 107496K [0x00000000f7780000, 0x0000000100000000, 0x0000000100000000)
  eden space 77824K, 100% used [0x00000000f7780000,0x00000000fc380000,0x00000000fc380000)
  from space 29696K, 99% used [0x00000000fc380000,0x00000000fe07a078,0x00000000fe080000)
  to   space 32256K, 0% used [0x00000000fe080000,0x00000000fe080000,0x0000000100000000)
 ParOldGen       total 104448K, used 94519K [0x00000000e6600000, 0x00000000ecc00000, 0x00000000f7780000)
  object space 104448K, 90% used [0x00000000e6600000,0x00000000ec24df70,0x00000000ecc00000)
 Metaspace       used 95281K, capacity 108988K, committed 109184K, reserved 1142784K
  class space    used 11860K, capacity 15703K, committed 15744K, reserved 1048576K
Event: 42.802 GC heap after
Heap after GC invocations=52 (full 4):
 PSYoungGen      total 93184K, used 32224K [0x00000000f7780000, 0x0000000100000000, 0x0000000100000000)
  eden space 60928K, 0% used [0x00000000f7780000,0x00000000f7780000,0x00000000fb300000)
  from space 32256K, 99% used [0x00000000fe080000,0x00000000ffff8348,0x0000000100000000)
  to   space 39424K, 0% used [0x00000000fb300000,0x00000000fb300000,0x00000000fd980000)
 ParOldGen       total 104448K, used 98956K [0x00000000e6600000, 0x00000000ecc00000, 0x00000000f7780000)
  object space 104448K, 94% used [0x00000000e6600000,0x00000000ec6a31c0,0x00000000ecc00000)
 Metaspace       used 95281K, capacity 108988K, committed 109184K, reserved 1142784K
  class space    used 11860K, capacity 15703K, committed 15744K, reserved 1048576K
}
Event: 42.802 GC heap before
{Heap before GC invocations=53 (full 5):
 PSYoungGen      total 93184K, used 32224K [0x00000000f7780000, 0x0000000100000000, 0x0000000100000000)
  eden space 60928K, 0% used [0x00000000f7780000,0x00000000f7780000,0x00000000fb300000)
  from space 32256K, 99% used [0x00000000fe080000,0x00000000ffff8348,0x0000000100000000)
  to   space 39424K, 0% used [0x00000000fb300000,0x00000000fb300000,0x00000000fd980000)
 ParOldGen       total 104448K, used 98956K [0x00000000e6600000, 0x00000000ecc00000, 0x00000000f7780000)
  object space 104448K, 94% used [0x00000000e6600000,0x00000000ec6a31c0,0x00000000ecc00000)
 Metaspace       used 95281K, capacity 108988K, committed 109184K, reserved 1142784K
  class space    used 11860K, capacity 15703K, committed 15744K, reserved 1048576K
Event: 43.413 GC heap after
Heap after GC invocations=53 (full 5):
 PSYoungGen      total 93184K, used 1437K [0x00000000f7780000, 0x0000000100000000, 0x0000000100000000)
  eden space 60928K, 0% used [0x00000000f7780000,0x00000000f7780000,0x00000000fb300000)
  from space 32256K, 4% used [0x00000000fe080000,0x00000000fe1e74f8,0x0000000100000000)
  to   space 39424K, 0% used [0x00000000fb300000,0x00000000fb300000,0x00000000fd980000)
 ParOldGen       total 164864K, used 103943K [0x00000000e6600000, 0x00000000f0700000, 0x00000000f7780000)
  object space 164864K, 63% used [0x00000000e6600000,0x00000000ecb81fc0,0x00000000f0700000)
 Metaspace       used 95248K, capacity 108938K, committed 109184K, reserved 1142784K
  class space    used 11855K, capacity 15695K, committed 15744K, reserved 1048576K
}

